# JRE version: OpenJDK Runtime Environment (8.0_212-b04) (build 1.8.0_212-release-1586-b4)
# Java VM: OpenJDK 64-Bit Server VM (25.212-b4 mixed mode windows-amd64 compressed oops)
Heap:
 PSYoungGen      total 140800K, used 140786K [0x00000000f5580000, 0x0000000100000000, 0x0000000100000000)
  eden space 130048K, 100% used [0x00000000f5580000,0x00000000fd480000,0x00000000fd480000)
  from space 10752K, 99% used [0x00000000fd480000,0x00000000fdefc898,0x00000000fdf00000)
  to   space 20480K, 76% used [0x00000000fec00000,0x00000000ffb41870,0x0000000100000000)
 ParOldGen       total 173568K, used 29968K [0x00000000e0000000, 0x00000000ea980000, 0x00000000f5580000)
  object space 173568K, 17% used [0x00000000e0000000,0x00000000e1d44388,0x00000000ea980000)
 Metaspace       used 17350K, capacity 17480K, committed 17664K, reserved 1064960K
  class space    used 1964K, capacity 2006K, committed 2048K, reserved 1048576K
GC Heap History (10 events):
Event: 0.789 GC heap after
Heap after GC invocations=1 (full 0):
 PSYoungGen      total 75776K, used 10751K [0x00000000f5580000, 0x00000000faa00000, 0x0000000100000000)
  eden space 65024K, 0% used [0x00000000f5580000,0x00000000f5580000,0x00000000f9500000)
  from space 10752K, 99% used [0x00000000f9500000,0x00000000f9f7fcf0,0x00000000f9f80000)
  to   space 10752K, 0% used [0x00000000f9f80000,0x00000000f9f80000,0x00000000faa00000)
 ParOldGen       total 173568K, used 2508K [0x00000000e0000000, 0x00000000ea980000, 0x00000000f5580000)
  object space 173568K, 1% used [0x00000000e0000000,0x00000000e02733c8,0x00000000ea980000)
 Metaspace       used 9647K, capacity 9736K, committed 9984K, reserved 1058816K
  class space    used 1153K, capacity 1174K, committed 1280K, reserved 1048576K
}
Event: 1.060 GC heap before
{Heap before GC invocations=2 (full 0):
 PSYoungGen      total 75776K, used 75775K [0x00000000f5580000, 0x00000000faa00000, 0x0000000100000000)
  eden space 65024K, 100% used [0x00000000f5580000,0x00000000f9500000,0x00000000f9500000)
  from space 10752K, 99% used [0x00000000f9500000,0x00000000f9f7fcf0,0x00000000f9f80000)
  to   space 10752K, 0% used [0x00000000f9f80000,0x00000000f9f80000,0x00000000faa00000)
 ParOldGen       total 173568K, used 2508K [0x00000000e0000000, 0x00000000ea980000, 0x00000000f5580000)
  object space 173568K, 1% used [0x00000000e0000000,0x00000000e02733c8,0x00000000ea980000)
 Metaspace       used 14531K, capacity 14632K, committed 14848K, reserved 1062912K
  class space    used 1766K, capacity 1782K, committed 1792K, reserved 1048576K
Event: 1.074 GC heap after
Heap after GC invocations=2 (full 0):
 PSYoungGen      total 75776K, used 10727K [0x00000000f5580000, 0x00000000fe980000, 0x0000000100000000)
  eden space 65024K, 0% used [0x00000000f5580000,0x00000000f5580000,0x00000000f9500000)
  from space 10752K, 99% used [0x00000000f9f80000,0x00000000fa9f9e40,0x00000000faa00000)
  to   space 10752K, 0% used [0x00000000f9500000,0x00000000f9500000,0x00000000f9f80000)
 ParOldGen       total 173568K, used 13352K [0x00000000e0000000, 0x00000000ea980000, 0x00000000f5580000)
  object space 173568K, 7% used [0x00000000e0000000,0x00000000e0d0a3e8,0x00000000ea980000)
 Metaspace       used 14531K, capacity 14632K, committed 14848K, reserved 1062912K
  class space    used 1766K, capacity 1782K, committed 1792K, reserved 1048576K
}
Event: 1.229 GC heap before
{Heap before GC invocations=3 (full 0):
 PSYoungGen      total 75776K, used 75751K [0x00000000f5580000, 0x00000000fe980000, 0x0000000100000000)
  eden space 65024K, 100% used [0x00000000f5580000,0x00000000f9500000,0x00000000f9500000)
  from space 10752K, 99% used [0x00000000f9f80000,0x00000000fa9f9e40,0x00000000faa00000)
  to   space 10752K, 0% used [0x00000000f9500000,0x00000000f9500000,0x00000000f9f80000)
 ParOldGen       total 173568K, used 13352K [0x00000000e0000000, 0x00000000ea980000, 0x00000000f5580000)
  object space 173568K, 7% used [0x00000000e0000000,0x00000000e0d0a3e8,0x00000000ea980000)
 Metaspace       used 15039K, capacity 15176K, committed 15488K, reserved 1062912K
  class space    used 1780K, capacity 1814K, committed 1920K, reserved 1048576K
Event: 1.238 GC heap after
Heap after GC invocations=3 (full 0):
 PSYoungGen      total 75776K, used 10736K [0x00000000f5580000, 0x00000000fe980000, 0x0000000100000000)
  eden space 65024K, 0% used [0x00000000f5580000,0x00000000f5580000,0x00000000f9500000)
  from space 10752K, 99% used [0x00000000f9500000,0x00000000f9f7c1d0,0x00000000f9f80000)
  to   space 10752K, 0% used [0x00000000fdf00000,0x00000000fdf00000,0x00000000fe980000)
 ParOldGen       total 173568K, used 18031K [0x00000000e0000000, 0x00000000ea980000, 0x00000000f5580000)
  object space 173568K, 10% used [0x00000000e0000000,0x00000000e119beb0,0x00000000ea980000)
 Metaspace       used 15039K, capacity 15176K, committed 15488K, reserved 1062912K
  class space    used 1780K, capacity 1814K, committed 1920K, reserved 1048576K
}
Event: 1.341 GC heap before
{Heap before GC invocations=4 (full 0):
 PSYoungGen      total 75776K, used 75760K [0x00000000f5580000, 0x00000000fe980000, 0x0000000100000000)
  eden space 65024K, 100% used [0x00000000f5580000,0x00000000f9500000,0x00000000f9500000)
  from space 10752K, 99% used [0x00000000f9500000,0x00000000f9f7c1d0,0x00000000f9f80000)
  to   space 10752K, 0% used [0x00000000fdf00000,0x00000000fdf00000,0x00000000fe980000)
 ParOldGen       total 173568K, used 18031K [0x00000000e0000000, 0x00000000ea980000, 0x00000000f5580000)
  object space 173568K, 10% used [0x00000000e0000000,0x00000000e119beb0,0x00000000ea980000)
 Metaspace       used 16304K, capacity 16424K, committed 16512K, reserved 1064960K
  class space    used 1885K, capacity 1910K, committed 1920K, reserved 1048576K
Event: 1.353 GC heap after
Heap after GC invocations=4 (full 0):
 PSYoungGen      total 140800K, used 10725K [0x00000000f5580000, 0x00000000fe980000, 0x0000000100000000)
  eden space 130048K, 0% used [0x00000000f5580000,0x00000000f5580000,0x00000000fd480000)
  from space 10752K, 99% used [0x00000000fdf00000,0x00000000fe979498,0x00000000fe980000)
  to   space 10752K, 0% used [0x00000000fd480000,0x00000000fd480000,0x00000000fdf00000)
 ParOldGen       total 173568K, used 23818K [0x00000000e0000000, 0x00000000ea980000, 0x00000000f5580000)
  object space 173568K, 13% used [0x00000000e0000000,0x00000000e1742888,0x00000000ea980000)
 Metaspace       used 16304K, capacity 16424K, committed 16512K, reserved 1064960K
  class space    used 1885K, capacity 1910K, committed 1920K, reserved 1048576K
}
Event: 1.445 GC heap before
{Heap before GC invocations=5 (full 0):
 PSYoungGen      total 140800K, used 140773K [0x00000000f5580000, 0x00000000fe980000, 0x0000000100000000)
  eden space 130048K, 100% used [0x00000000f5580000,0x00000000fd480000,0x00000000fd480000)
  from space 10752K, 99% used [0x00000000fdf00000,0x00000000fe979498,0x00000000fe980000)
  to   space 10752K, 0% used [0x00000000fd480000,0x00000000fd480000,0x00000000fdf00000)
 ParOldGen       total 173568K, used 23818K [0x00000000e0000000, 0x00000000ea980000, 0x00000000f5580000)
  object space 173568K, 13% used [0x00000000e0000000,0x00000000e1742888,0x00000000ea980000)
 Metaspace       used 17091K, capacity 17224K, committed 17408K, reserved 1064960K
  class space    used 1952K, capacity 2006K, committed 2048K, reserved 1048576K
Event: 1.456 GC heap after
Heap after GC invocations=5 (full 0):
 PSYoungGen      total 140800K, used 10738K [0x00000000f5580000, 0x0000000100000000, 0x0000000100000000)
  eden space 130048K, 0% used [0x00000000f5580000,0x00000000f5580000,0x00000000fd480000)
  from space 10752K, 99% used [0x00000000fd480000,0x00000000fdefc898,0x00000000fdf00000)
  to   space 20480K, 0% used [0x00000000fec00000,0x00000000fec00000,0x0000000100000000)
 ParOldGen       total 173568K, used 29968K [0x00000000e0000000, 0x00000000ea980000, 0x00000000f5580000)
  object space 173568K, 17% used [0x00000000e0000000,0x00000000e1d44388,0x00000000ea980000)
 Metaspace       used 17091K, capacity 17224K, committed 17408K, reserved 1064960K
  class space    used 1952K, capacity 2006K, committed 2048K, reserved 1048576K
}
Event: 1.567 GC heap before
{Heap before GC invocations=6 (full 0):
 PSYoungGen      total 140800K, used 140786K [0x00000000f5580000, 0x0000000100000000, 0x0000000100000000)
  eden space 130048K, 100% used [0x00000000f5580000,0x00000000fd480000,0x00000000fd480000)
  from space 10752K, 99% used [0x00000000fd480000,0x00000000fdefc898,0x00000000fdf00000)
  to   space 20480K, 0% used [0x00000000fec00000,0x00000000fec00000,0x0000000100000000)
 ParOldGen       total 173568K, used 29968K [0x00000000e0000000, 0x00000000ea980000, 0x00000000f5580000)
  object space 173568K, 17% used [0x00000000e0000000,0x00000000e1d44388,0x00000000ea980000)
 Metaspace       used 17350K, capacity 17480K, committed 17664K, reserved 1064960K
  class space    used 1964K, capacity 2006K, committed 2048K, reserved 1048576K

