# JRE version: OpenJDK Runtime Environment (8.0_212-b04) (build 1.8.0_212-release-1586-b4)
# Java VM: OpenJDK 64-Bit Server VM (25.212-b4 mixed mode windows-amd64 compressed oops)
Heap:
 PSYoungGen      total 151552K, used 136242K [0x00000000f5580000, 0x00000000ffe00000, 0x0000000100000000)
  eden space 130560K, 100% used [0x00000000f5580000,0x00000000fd500000,0x00000000fd500000)
  from space 20992K, 27% used [0x00000000fe980000,0x00000000fef0cbc8,0x00000000ffe00000)
  to   space 20992K, 33% used [0x00000000fd500000,0x00000000fdbcc050,0x00000000fe980000)
 ParOldGen       total 173568K, used 89285K [0x00000000e0000000, 0x00000000ea980000, 0x00000000f5580000)
  object space 173568K, 51% used [0x00000000e0000000,0x00000000e57315a8,0x00000000ea980000)
 Metaspace       used 18768K, capacity 18894K, committed 19072K, reserved 1067008K
  class space    used 2010K, capacity 2071K, committed 2176K, reserved 1048576K
GC Heap History (10 events):
Event: 2.340 GC heap after
Heap after GC invocations=14 (full 0):
 PSYoungGen      total 147456K, used 8208K [0x00000000f5580000, 0x00000000ffe00000, 0x0000000100000000)
  eden space 124416K, 0% used [0x00000000f5580000,0x00000000f5580000,0x00000000fcf00000)
  from space 23040K, 35% used [0x00000000fe780000,0x00000000fef84060,0x00000000ffe00000)
  to   space 24064K, 0% used [0x00000000fcf00000,0x00000000fcf00000,0x00000000fe680000)
 ParOldGen       total 173568K, used 62748K [0x00000000e0000000, 0x00000000ea980000, 0x00000000f5580000)
  object space 173568K, 36% used [0x00000000e0000000,0x00000000e3d47248,0x00000000ea980000)
 Metaspace       used 18240K, capacity 18350K, committed 18432K, reserved 1064960K
  class space    used 2007K, capacity 2039K, committed 2048K, reserved 1048576K
}
Event: 2.454 GC heap before
{Heap before GC invocations=15 (full 0):
 PSYoungGen      total 147456K, used 132624K [0x00000000f5580000, 0x00000000ffe00000, 0x0000000100000000)
  eden space 124416K, 100% used [0x00000000f5580000,0x00000000fcf00000,0x00000000fcf00000)
  from space 23040K, 35% used [0x00000000fe780000,0x00000000fef84060,0x00000000ffe00000)
  to   space 24064K, 0% used [0x00000000fcf00000,0x00000000fcf00000,0x00000000fe680000)
 ParOldGen       total 173568K, used 62748K [0x00000000e0000000, 0x00000000ea980000, 0x00000000f5580000)
  object space 173568K, 36% used [0x00000000e0000000,0x00000000e3d47248,0x00000000ea980000)
 Metaspace       used 18400K, capacity 18542K, committed 18688K, reserved 1067008K
  class space    used 2007K, capacity 2039K, committed 2048K, reserved 1048576K
Event: 2.463 GC heap after
Heap after GC invocations=15 (full 0):
 PSYoungGen      total 148480K, used 6897K [0x00000000f5580000, 0x00000000fff00000, 0x0000000100000000)
  eden space 124416K, 0% used [0x00000000f5580000,0x00000000f5580000,0x00000000fcf00000)
  from space 24064K, 28% used [0x00000000fcf00000,0x00000000fd5bc5f8,0x00000000fe680000)
  to   space 23040K, 0% used [0x00000000fe880000,0x00000000fe880000,0x00000000fff00000)
 ParOldGen       total 173568K, used 69815K [0x00000000e0000000, 0x00000000ea980000, 0x00000000f5580000)
  object space 173568K, 40% used [0x00000000e0000000,0x00000000e442dcd0,0x00000000ea980000)
 Metaspace       used 18400K, capacity 18542K, committed 18688K, reserved 1067008K
  class space    used 2007K, capacity 2039K, committed 2048K, reserved 1048576K
}
Event: 2.567 GC heap before
{Heap before GC invocations=16 (full 0):
 PSYoungGen      total 148480K, used 131313K [0x00000000f5580000, 0x00000000fff00000, 0x0000000100000000)
  eden space 124416K, 100% used [0x00000000f5580000,0x00000000fcf00000,0x00000000fcf00000)
  from space 24064K, 28% used [0x00000000fcf00000,0x00000000fd5bc5f8,0x00000000fe680000)
  to   space 23040K, 0% used [0x00000000fe880000,0x00000000fe880000,0x00000000fff00000)
 ParOldGen       total 173568K, used 69815K [0x00000000e0000000, 0x00000000ea980000, 0x00000000f5580000)
  object space 173568K, 40% used [0x00000000e0000000,0x00000000e442dcd0,0x00000000ea980000)
 Metaspace       used 18529K, capacity 18702K, committed 18816K, reserved 1067008K
  class space    used 2008K, capacity 2071K, committed 2176K, reserved 1048576K
Event: 2.578 GC heap after
Heap after GC invocations=16 (full 0):
 PSYoungGen      total 149504K, used 7024K [0x00000000f5580000, 0x00000000ffe00000, 0x0000000100000000)
  eden space 127488K, 0% used [0x00000000f5580000,0x00000000f5580000,0x00000000fd200000)
  from space 22016K, 31% used [0x00000000fe880000,0x00000000fef5c060,0x00000000ffe00000)
  to   space 22528K, 0% used [0x00000000fd200000,0x00000000fd200000,0x00000000fe800000)
 ParOldGen       total 173568K, used 75597K [0x00000000e0000000, 0x00000000ea980000, 0x00000000f5580000)
  object space 173568K, 43% used [0x00000000e0000000,0x00000000e49d3430,0x00000000ea980000)
 Metaspace       used 18529K, capacity 18702K, committed 18816K, reserved 1067008K
  class space    used 2008K, capacity 2071K, committed 2176K, reserved 1048576K
}
Event: 2.679 GC heap before
{Heap before GC invocations=17 (full 0):
 PSYoungGen      total 149504K, used 134512K [0x00000000f5580000, 0x00000000ffe00000, 0x0000000100000000)
  eden space 127488K, 100% used [0x00000000f5580000,0x00000000fd200000,0x00000000fd200000)
  from space 22016K, 31% used [0x00000000fe880000,0x00000000fef5c060,0x00000000ffe00000)
  to   space 22528K, 0% used [0x00000000fd200000,0x00000000fd200000,0x00000000fe800000)
 ParOldGen       total 173568K, used 75597K [0x00000000e0000000, 0x00000000ea980000, 0x00000000f5580000)
  object space 173568K, 43% used [0x00000000e0000000,0x00000000e49d3430,0x00000000ea980000)
 Metaspace       used 18608K, capacity 18766K, committed 19072K, reserved 1067008K
  class space    used 2008K, capacity 2071K, committed 2176K, reserved 1048576K
Event: 2.688 GC heap after
Heap after GC invocations=17 (full 0):
 PSYoungGen      total 150016K, used 7032K [0x00000000f5580000, 0x00000000ffe80000, 0x0000000100000000)
  eden space 127488K, 0% used [0x00000000f5580000,0x00000000f5580000,0x00000000fd200000)
  from space 22528K, 31% used [0x00000000fd200000,0x00000000fd8de380,0x00000000fe800000)
  to   space 21504K, 0% used [0x00000000fe980000,0x00000000fe980000,0x00000000ffe80000)
 ParOldGen       total 173568K, used 81028K [0x00000000e0000000, 0x00000000ea980000, 0x00000000f5580000)
  object space 173568K, 46% used [0x00000000e0000000,0x00000000e4f21258,0x00000000ea980000)
 Metaspace       used 18608K, capacity 18766K, committed 19072K, reserved 1067008K
  class space    used 2008K, capacity 2071K, committed 2176K, reserved 1048576K
}
Event: 2.832 GC heap before
{Heap before GC invocations=18 (full 0):
 PSYoungGen      total 150016K, used 134520K [0x00000000f5580000, 0x00000000ffe80000, 0x0000000100000000)
  eden space 127488K, 100% used [0x00000000f5580000,0x00000000fd200000,0x00000000fd200000)
  from space 22528K, 31% used [0x00000000fd200000,0x00000000fd8de380,0x00000000fe800000)
  to   space 21504K, 0% used [0x00000000fe980000,0x00000000fe980000,0x00000000ffe80000)
 ParOldGen       total 173568K, used 81028K [0x00000000e0000000, 0x00000000ea980000, 0x00000000f5580000)
  object space 173568K, 46% used [0x00000000e0000000,0x00000000e4f21258,0x00000000ea980000)
 Metaspace       used 18733K, capacity 18894K, committed 19072K, reserved 1067008K
  class space    used 2010K, capacity 2071K, committed 2176K, reserved 1048576K
Event: 2.845 GC heap after
Heap after GC invocations=18 (full 0):
 PSYoungGen      total 151552K, used 5682K [0x00000000f5580000, 0x00000000ffe00000, 0x0000000100000000)
  eden space 130560K, 0% used [0x00000000f5580000,0x00000000f5580000,0x00000000fd500000)
  from space 20992K, 27% used [0x00000000fe980000,0x00000000fef0cbc8,0x00000000ffe00000)
  to   space 20992K, 0% used [0x00000000fd500000,0x00000000fd500000,0x00000000fe980000)
 ParOldGen       total 173568K, used 85899K [0x00000000e0000000, 0x00000000ea980000, 0x00000000f5580000)
  object space 173568K, 49% used [0x00000000e0000000,0x00000000e53e2d30,0x00000000ea980000)
 Metaspace       used 18733K, capacity 18894K, committed 19072K, reserved 1067008K
  class space    used 2010K, capacity 2071K, committed 2176K, reserved 1048576K
}
Event: 2.940 GC heap before
{Heap before GC invocations=19 (full 0):
 PSYoungGen      total 151552K, used 136242K [0x00000000f5580000, 0x00000000ffe00000, 0x0000000100000000)
  eden space 130560K, 100% used [0x00000000f5580000,0x00000000fd500000,0x00000000fd500000)
  from space 20992K, 27% used [0x00000000fe980000,0x00000000fef0cbc8,0x00000000ffe00000)
  to   space 20992K, 0% used [0x00000000fd500000,0x00000000fd500000,0x00000000fe980000)
 ParOldGen       total 173568K, used 85899K [0x00000000e0000000, 0x00000000ea980000, 0x00000000f5580000)
  object space 173568K, 49% used [0x00000000e0000000,0x00000000e53e2d30,0x00000000ea980000)
 Metaspace       used 18768K, capacity 18894K, committed 19072K, reserved 1067008K
  class space    used 2010K, capacity 2071K, committed 2176K, reserved 1048576K

